<?xml version="1.0" encoding="UTF-8"?>
<!-- Generated by org.testng.reporters.JUnitReportReporter -->
<testsuite skipped="0" hostname="LAPTOP-PP7LTPN0" name="com.demoaut.newtours.TestScripts.VerifyInvalidLoginTest" tests="1" failures="0" timestamp="24 May 2020 17:00:05 GMT" time="62.512" errors="0">
  <testcase name="verifyInvalidLogin" time="62.512" classname="com.demoaut.newtours.TestScripts.VerifyInvalidLoginTest"/>
</testsuite> <!-- com.demoaut.newtours.TestScripts.VerifyInvalidLoginTest -->
